2023-03-15T01:29:15.515293001+02:00 TRACE redis_simple_client - client was initialised: Client { stream: TcpStream { addr: 127.0.0.1:38098, peer: 127.0.0.1:6381, fd: 4 } }
2023-03-15T01:29:15.515492586+02:00 TRACE simple_redis::domain - About to send: PING
2023-03-15T01:29:15.515566957+02:00 TRACE simple_redis::domain - Error reading Os { code: 11, kind: WouldBlock, message: "Resource temporarily unavailable" }
2023-03-15T01:29:15.515616395+02:00 TRACE simple_redis::domain - Error reading Os { code: 11, kind: WouldBlock, message: "Resource temporarily unavailable" }
2023-03-15T01:29:15.515654922+02:00 TRACE simple_redis::domain - Error reading Os { code: 11, kind: WouldBlock, message: "Resource temporarily unavailable" }
2023-03-15T01:29:15.515690942+02:00 TRACE simple_redis::domain - Error reading Os { code: 11, kind: WouldBlock, message: "Resource temporarily unavailable" }
2023-03-15T01:29:15.515726874+02:00 TRACE simple_redis::domain - Error reading Os { code: 11, kind: WouldBlock, message: "Resource temporarily unavailable" }
2023-03-15T01:29:15.515763345+02:00 TRACE simple_redis::domain - Error reading Os { code: 11, kind: WouldBlock, message: "Resource temporarily unavailable" }
2023-03-15T01:29:15.515798528+02:00 TRACE simple_redis::domain - Error reading Os { code: 11, kind: WouldBlock, message: "Resource temporarily unavailable" }
2023-03-15T01:29:15.515834575+02:00 TRACE simple_redis::domain - Error reading Os { code: 11, kind: WouldBlock, message: "Resource temporarily unavailable" }
2023-03-15T01:29:15.515871124+02:00 TRACE simple_redis::domain - Error reading Os { code: 11, kind: WouldBlock, message: "Resource temporarily unavailable" }
2023-03-15T01:29:15.515905770+02:00 TRACE simple_redis::domain - Error reading Os { code: 11, kind: WouldBlock, message: "Resource temporarily unavailable" }
2023-03-15T01:29:15.515943771+02:00 TRACE simple_redis::domain - Error reading Os { code: 11, kind: WouldBlock, message: "Resource temporarily unavailable" }
2023-03-15T01:29:15.515981016+02:00 TRACE simple_redis::domain - Error reading Os { code: 11, kind: WouldBlock, message: "Resource temporarily unavailable" }
2023-03-15T01:29:15.516027371+02:00 TRACE simple_redis::domain - Error reading Os { code: 11, kind: WouldBlock, message: "Resource temporarily unavailable" }
2023-03-15T01:29:15.516067726+02:00 TRACE simple_redis::domain - Error reading Os { code: 11, kind: WouldBlock, message: "Resource temporarily unavailable" }
2023-03-15T01:29:15.516105482+02:00 TRACE simple_redis::domain - Error reading Os { code: 11, kind: WouldBlock, message: "Resource temporarily unavailable" }
2023-03-15T01:29:15.516146387+02:00 TRACE simple_redis::domain - Error reading Os { code: 11, kind: WouldBlock, message: "Resource temporarily unavailable" }
2023-03-15T01:29:15.516183297+02:00 TRACE simple_redis::domain - Error reading Os { code: 11, kind: WouldBlock, message: "Resource temporarily unavailable" }
2023-03-15T01:29:15.516223054+02:00 TRACE simple_redis::domain - Error reading Os { code: 11, kind: WouldBlock, message: "Resource temporarily unavailable" }
2023-03-15T01:29:15.516263776+02:00 TRACE simple_redis::domain - Error reading Os { code: 11, kind: WouldBlock, message: "Resource temporarily unavailable" }
2023-03-15T01:29:15.516300123+02:00 TRACE simple_redis::domain - Error reading Os { code: 11, kind: WouldBlock, message: "Resource temporarily unavailable" }
2023-03-15T01:29:15.516340237+02:00 TRACE simple_redis::domain - Error reading Os { code: 11, kind: WouldBlock, message: "Resource temporarily unavailable" }
2023-03-15T01:29:15.516381+02:00 TRACE simple_redis::domain - Error reading Os { code: 11, kind: WouldBlock, message: "Resource temporarily unavailable" }
2023-03-15T01:29:15.516419971+02:00 TRACE simple_redis::domain - Error reading Os { code: 11, kind: WouldBlock, message: "Resource temporarily unavailable" }
2023-03-15T01:29:15.516457976+02:00 TRACE simple_redis::domain - Error reading Os { code: 11, kind: WouldBlock, message: "Resource temporarily unavailable" }
2023-03-15T01:29:15.516494585+02:00 TRACE simple_redis::domain - Error reading Os { code: 11, kind: WouldBlock, message: "Resource temporarily unavailable" }
2023-03-15T01:29:15.516547391+02:00 TRACE simple_redis::domain - Error reading Os { code: 11, kind: WouldBlock, message: "Resource temporarily unavailable" }
2023-03-15T01:29:15.516586982+02:00 TRACE simple_redis::domain - Error reading Os { code: 11, kind: WouldBlock, message: "Resource temporarily unavailable" }
2023-03-15T01:29:15.516627990+02:00 TRACE simple_redis::domain - Error reading Os { code: 11, kind: WouldBlock, message: "Resource temporarily unavailable" }
2023-03-15T01:29:15.516666683+02:00 TRACE simple_redis::domain - Error reading Os { code: 11, kind: WouldBlock, message: "Resource temporarily unavailable" }
2023-03-15T01:29:15.516707979+02:00 TRACE simple_redis::domain - Error reading Os { code: 11, kind: WouldBlock, message: "Resource temporarily unavailable" }
2023-03-15T01:29:15.516750231+02:00 TRACE simple_redis::domain - Error reading Os { code: 11, kind: WouldBlock, message: "Resource temporarily unavailable" }
2023-03-15T01:29:15.516791781+02:00 TRACE simple_redis::domain - Error reading Os { code: 11, kind: WouldBlock, message: "Resource temporarily unavailable" }
2023-03-15T01:29:15.516829946+02:00 TRACE simple_redis::domain - Error reading Os { code: 11, kind: WouldBlock, message: "Resource temporarily unavailable" }
2023-03-15T01:29:15.516867332+02:00 TRACE simple_redis::domain - Error reading Os { code: 11, kind: WouldBlock, message: "Resource temporarily unavailable" }
2023-03-15T01:29:15.516904013+02:00 TRACE simple_redis::domain - Error reading Os { code: 11, kind: WouldBlock, message: "Resource temporarily unavailable" }
2023-03-15T01:29:15.516941527+02:00 TRACE simple_redis::domain - Error reading Os { code: 11, kind: WouldBlock, message: "Resource temporarily unavailable" }
2023-03-15T01:29:15.516978602+02:00 TRACE simple_redis::domain - Error reading Os { code: 11, kind: WouldBlock, message: "Resource temporarily unavailable" }
2023-03-15T01:29:15.517025937+02:00 TRACE simple_redis::domain - Error reading Os { code: 11, kind: WouldBlock, message: "Resource temporarily unavailable" }
2023-03-15T01:29:15.517064519+02:00 TRACE simple_redis::domain - Error reading Os { code: 11, kind: WouldBlock, message: "Resource temporarily unavailable" }
2023-03-15T01:29:15.517100593+02:00 TRACE simple_redis::domain - Error reading Os { code: 11, kind: WouldBlock, message: "Resource temporarily unavailable" }
2023-03-15T01:29:15.517141740+02:00 TRACE simple_redis::domain - Error reading Os { code: 11, kind: WouldBlock, message: "Resource temporarily unavailable" }
2023-03-15T01:29:15.517178370+02:00 TRACE simple_redis::domain - Error reading Os { code: 11, kind: WouldBlock, message: "Resource temporarily unavailable" }
2023-03-15T01:29:15.517219589+02:00 TRACE simple_redis::domain - Error reading Os { code: 11, kind: WouldBlock, message: "Resource temporarily unavailable" }
2023-03-15T01:29:15.517260996+02:00 TRACE simple_redis::domain - Error reading Os { code: 11, kind: WouldBlock, message: "Resource temporarily unavailable" }
2023-03-15T01:29:15.517296735+02:00 TRACE simple_redis::domain - Error reading Os { code: 11, kind: WouldBlock, message: "Resource temporarily unavailable" }
2023-03-15T01:29:15.517334856+02:00 TRACE simple_redis::domain - Error reading Os { code: 11, kind: WouldBlock, message: "Resource temporarily unavailable" }
2023-03-15T01:29:15.517375500+02:00 TRACE simple_redis::domain - Error reading Os { code: 11, kind: WouldBlock, message: "Resource temporarily unavailable" }
2023-03-15T01:29:15.517421530+02:00 TRACE simple_redis::domain - Error reading Os { code: 11, kind: WouldBlock, message: "Resource temporarily unavailable" }
2023-03-15T01:29:15.517459903+02:00 TRACE simple_redis::domain - Error reading Os { code: 11, kind: WouldBlock, message: "Resource temporarily unavailable" }
2023-03-15T01:29:15.517500488+02:00 TRACE simple_redis::domain - Error reading Os { code: 11, kind: WouldBlock, message: "Resource temporarily unavailable" }
2023-03-15T01:29:15.517542792+02:00 TRACE simple_redis::domain - Error reading Os { code: 11, kind: WouldBlock, message: "Resource temporarily unavailable" }
2023-03-15T01:29:15.517595405+02:00 TRACE simple_redis::domain - Error reading Os { code: 11, kind: WouldBlock, message: "Resource temporarily unavailable" }
2023-03-15T01:29:15.517637818+02:00 TRACE simple_redis::domain - Error reading Os { code: 11, kind: WouldBlock, message: "Resource temporarily unavailable" }
2023-03-15T01:29:15.517679384+02:00 TRACE simple_redis::domain - Error reading Os { code: 11, kind: WouldBlock, message: "Resource temporarily unavailable" }
2023-03-15T01:29:15.517717167+02:00 TRACE simple_redis::domain - Error reading Os { code: 11, kind: WouldBlock, message: "Resource temporarily unavailable" }
2023-03-15T01:29:15.517754170+02:00 TRACE simple_redis::domain - Error reading Os { code: 11, kind: WouldBlock, message: "Resource temporarily unavailable" }
2023-03-15T01:29:15.517794440+02:00 TRACE simple_redis::domain - Error reading Os { code: 11, kind: WouldBlock, message: "Resource temporarily unavailable" }
2023-03-15T01:29:15.517836150+02:00 TRACE simple_redis::domain - Error reading Os { code: 11, kind: WouldBlock, message: "Resource temporarily unavailable" }
2023-03-15T01:29:15.517872820+02:00 TRACE simple_redis::domain - Error reading Os { code: 11, kind: WouldBlock, message: "Resource temporarily unavailable" }
2023-03-15T01:29:15.517910988+02:00 TRACE simple_redis::domain - Error reading Os { code: 11, kind: WouldBlock, message: "Resource temporarily unavailable" }
2023-03-15T01:29:15.517952296+02:00 TRACE simple_redis::domain - Error reading Os { code: 11, kind: WouldBlock, message: "Resource temporarily unavailable" }
2023-03-15T01:29:15.517988344+02:00 TRACE simple_redis::domain - Error reading Os { code: 11, kind: WouldBlock, message: "Resource temporarily unavailable" }
2023-03-15T01:29:15.518044145+02:00 TRACE simple_redis::domain - Error reading Os { code: 11, kind: WouldBlock, message: "Resource temporarily unavailable" }
2023-03-15T01:29:15.518081755+02:00 TRACE simple_redis::domain - Error reading Os { code: 11, kind: WouldBlock, message: "Resource temporarily unavailable" }
2023-03-15T01:29:15.518118457+02:00 TRACE simple_redis::domain - Error reading Os { code: 11, kind: WouldBlock, message: "Resource temporarily unavailable" }
2023-03-15T01:29:15.518155020+02:00 TRACE simple_redis::domain - Error reading Os { code: 11, kind: WouldBlock, message: "Resource temporarily unavailable" }
2023-03-15T01:29:15.518191780+02:00 TRACE simple_redis::domain - Error reading Os { code: 11, kind: WouldBlock, message: "Resource temporarily unavailable" }
2023-03-15T01:29:15.518228554+02:00 TRACE simple_redis::domain - Error reading Os { code: 11, kind: WouldBlock, message: "Resource temporarily unavailable" }
2023-03-15T01:29:15.518264566+02:00 TRACE simple_redis::domain - Error reading Os { code: 11, kind: WouldBlock, message: "Resource temporarily unavailable" }
2023-03-15T01:29:15.518301439+02:00 TRACE simple_redis::domain - Error reading Os { code: 11, kind: WouldBlock, message: "Resource temporarily unavailable" }
2023-03-15T01:29:15.518337872+02:00 TRACE simple_redis::domain - Error reading Os { code: 11, kind: WouldBlock, message: "Resource temporarily unavailable" }
2023-03-15T01:29:15.518373726+02:00 TRACE simple_redis::domain - Error reading Os { code: 11, kind: WouldBlock, message: "Resource temporarily unavailable" }
2023-03-15T01:29:15.518411739+02:00 TRACE simple_redis::domain - Error reading Os { code: 11, kind: WouldBlock, message: "Resource temporarily unavailable" }
2023-03-15T01:29:15.518447856+02:00 TRACE simple_redis::domain - Error reading Os { code: 11, kind: WouldBlock, message: "Resource temporarily unavailable" }
2023-03-15T01:29:15.518484584+02:00 TRACE simple_redis::domain - Error reading Os { code: 11, kind: WouldBlock, message: "Resource temporarily unavailable" }
2023-03-15T01:29:15.518521069+02:00 TRACE simple_redis::domain - Error reading Os { code: 11, kind: WouldBlock, message: "Resource temporarily unavailable" }
2023-03-15T01:29:15.518556496+02:00 TRACE simple_redis::domain - Error reading Os { code: 11, kind: WouldBlock, message: "Resource temporarily unavailable" }
2023-03-15T01:29:15.518602843+02:00 TRACE simple_redis::domain - Error reading Os { code: 11, kind: WouldBlock, message: "Resource temporarily unavailable" }
2023-03-15T01:29:15.518644613+02:00 TRACE simple_redis::domain - Error reading Os { code: 11, kind: WouldBlock, message: "Resource temporarily unavailable" }
2023-03-15T01:29:15.518685179+02:00 TRACE simple_redis::domain - Error reading Os { code: 11, kind: WouldBlock, message: "Resource temporarily unavailable" }
2023-03-15T01:29:15.518726169+02:00 TRACE simple_redis::domain - Error reading Os { code: 11, kind: WouldBlock, message: "Resource temporarily unavailable" }
2023-03-15T01:29:15.518768358+02:00 TRACE simple_redis::domain - Error reading Os { code: 11, kind: WouldBlock, message: "Resource temporarily unavailable" }
2023-03-15T01:29:15.518806701+02:00 TRACE simple_redis::domain - Error reading Os { code: 11, kind: WouldBlock, message: "Resource temporarily unavailable" }
2023-03-15T01:29:15.518843159+02:00 TRACE simple_redis::domain - Error reading Os { code: 11, kind: WouldBlock, message: "Resource temporarily unavailable" }
2023-03-15T01:29:15.518883650+02:00 TRACE simple_redis::domain - Error reading Os { code: 11, kind: WouldBlock, message: "Resource temporarily unavailable" }
2023-03-15T01:29:15.518925380+02:00 TRACE simple_redis::domain - Error reading Os { code: 11, kind: WouldBlock, message: "Resource temporarily unavailable" }
2023-03-15T01:29:15.518963376+02:00 TRACE simple_redis::domain - Error reading Os { code: 11, kind: WouldBlock, message: "Resource temporarily unavailable" }
2023-03-15T01:29:15.519000120+02:00 TRACE simple_redis::domain - Error reading Os { code: 11, kind: WouldBlock, message: "Resource temporarily unavailable" }
2023-03-15T01:29:15.519052505+02:00 TRACE simple_redis::domain - Error reading Os { code: 11, kind: WouldBlock, message: "Resource temporarily unavailable" }
2023-03-15T01:29:15.519094450+02:00 TRACE simple_redis::domain - Error reading Os { code: 11, kind: WouldBlock, message: "Resource temporarily unavailable" }
2023-03-15T01:29:15.519135270+02:00 TRACE simple_redis::domain - Error reading Os { code: 11, kind: WouldBlock, message: "Resource temporarily unavailable" }
2023-03-15T01:29:15.519171765+02:00 TRACE simple_redis::domain - Error reading Os { code: 11, kind: WouldBlock, message: "Resource temporarily unavailable" }
2023-03-15T01:29:15.519208874+02:00 TRACE simple_redis::domain - Error reading Os { code: 11, kind: WouldBlock, message: "Resource temporarily unavailable" }
2023-03-15T01:29:15.519248125+02:00 TRACE simple_redis::domain - Error reading Os { code: 11, kind: WouldBlock, message: "Resource temporarily unavailable" }
2023-03-15T01:29:15.519285290+02:00 TRACE simple_redis::domain - Error reading Os { code: 11, kind: WouldBlock, message: "Resource temporarily unavailable" }
2023-03-15T01:29:15.519321396+02:00 TRACE simple_redis::domain - Error reading Os { code: 11, kind: WouldBlock, message: "Resource temporarily unavailable" }
2023-03-15T01:29:15.519358107+02:00 TRACE simple_redis::domain - Error reading Os { code: 11, kind: WouldBlock, message: "Resource temporarily unavailable" }
2023-03-15T01:29:15.519394198+02:00 TRACE simple_redis::domain - Error reading Os { code: 11, kind: WouldBlock, message: "Resource temporarily unavailable" }
2023-03-15T01:29:15.519429760+02:00 TRACE simple_redis::domain - Error reading Os { code: 11, kind: WouldBlock, message: "Resource temporarily unavailable" }
2023-03-15T01:29:15.519475437+02:00 TRACE simple_redis::domain - Error reading Os { code: 11, kind: WouldBlock, message: "Resource temporarily unavailable" }
2023-03-15T01:29:15.519511246+02:00 TRACE simple_redis::domain - Error reading Os { code: 11, kind: WouldBlock, message: "Resource temporarily unavailable" }
2023-03-15T01:29:15.519547700+02:00 TRACE simple_redis::domain - Error reading Os { code: 11, kind: WouldBlock, message: "Resource temporarily unavailable" }
2023-03-15T01:29:15.519584425+02:00 TRACE simple_redis::domain - Error reading Os { code: 11, kind: WouldBlock, message: "Resource temporarily unavailable" }
2023-03-15T01:29:15.519629059+02:00 TRACE simple_redis::domain - Error reading Os { code: 11, kind: WouldBlock, message: "Resource temporarily unavailable" }
2023-03-15T01:29:15.519665826+02:00 TRACE simple_redis::domain - Error reading Os { code: 11, kind: WouldBlock, message: "Resource temporarily unavailable" }
2023-03-15T01:29:15.519705644+02:00 TRACE simple_redis::domain - Error reading Os { code: 11, kind: WouldBlock, message: "Resource temporarily unavailable" }
2023-03-15T01:29:15.519743544+02:00 TRACE simple_redis::domain - Error reading Os { code: 11, kind: WouldBlock, message: "Resource temporarily unavailable" }
2023-03-15T01:29:15.519784536+02:00 TRACE simple_redis::domain - Error reading Os { code: 11, kind: WouldBlock, message: "Resource temporarily unavailable" }
2023-03-15T01:29:15.519823852+02:00 TRACE simple_redis::domain - Error reading Os { code: 11, kind: WouldBlock, message: "Resource temporarily unavailable" }
2023-03-15T01:29:15.519861197+02:00 TRACE simple_redis::domain - Error reading Os { code: 11, kind: WouldBlock, message: "Resource temporarily unavailable" }
2023-03-15T01:29:15.519901831+02:00 TRACE simple_redis::domain - Error reading Os { code: 11, kind: WouldBlock, message: "Resource temporarily unavailable" }
2023-03-15T01:29:15.519942396+02:00 TRACE simple_redis::domain - Error reading Os { code: 11, kind: WouldBlock, message: "Resource temporarily unavailable" }
2023-03-15T01:29:15.519983059+02:00 TRACE simple_redis::domain - Error reading Os { code: 11, kind: WouldBlock, message: "Resource temporarily unavailable" }
2023-03-15T01:29:15.520030721+02:00 TRACE simple_redis::domain - Error reading Os { code: 11, kind: WouldBlock, message: "Resource temporarily unavailable" }
2023-03-15T01:29:15.520069140+02:00 TRACE simple_redis::domain - Error reading Os { code: 11, kind: WouldBlock, message: "Resource temporarily unavailable" }
2023-03-15T01:29:15.520105340+02:00 TRACE simple_redis::domain - Error reading Os { code: 11, kind: WouldBlock, message: "Resource temporarily unavailable" }
2023-03-15T01:29:15.520145756+02:00 TRACE simple_redis::domain - Error reading Os { code: 11, kind: WouldBlock, message: "Resource temporarily unavailable" }
2023-03-15T01:29:15.520186613+02:00 TRACE simple_redis::domain - Error reading Os { code: 11, kind: WouldBlock, message: "Resource temporarily unavailable" }
2023-03-15T01:29:15.520228353+02:00 TRACE simple_redis::domain - Error reading Os { code: 11, kind: WouldBlock, message: "Resource temporarily unavailable" }
2023-03-15T01:29:15.520265336+02:00 TRACE simple_redis::domain - Error reading Os { code: 11, kind: WouldBlock, message: "Resource temporarily unavailable" }
2023-03-15T01:29:15.520305472+02:00 TRACE simple_redis::domain - Error reading Os { code: 11, kind: WouldBlock, message: "Resource temporarily unavailable" }
2023-03-15T01:29:15.520343003+02:00 TRACE simple_redis::domain - Error reading Os { code: 11, kind: WouldBlock, message: "Resource temporarily unavailable" }
2023-03-15T01:29:15.520380472+02:00 TRACE simple_redis::domain - Error reading Os { code: 11, kind: WouldBlock, message: "Resource temporarily unavailable" }
2023-03-15T01:29:15.520416474+02:00 TRACE simple_redis::domain - Error reading Os { code: 11, kind: WouldBlock, message: "Resource temporarily unavailable" }
2023-03-15T01:29:15.520454852+02:00 TRACE simple_redis::domain - Error reading Os { code: 11, kind: WouldBlock, message: "Resource temporarily unavailable" }
2023-03-15T01:29:15.520494264+02:00 TRACE simple_redis::domain - Error reading Os { code: 11, kind: WouldBlock, message: "Resource temporarily unavailable" }
2023-03-15T01:29:15.520535661+02:00 TRACE simple_redis::domain - Error reading Os { code: 11, kind: WouldBlock, message: "Resource temporarily unavailable" }
2023-03-15T01:29:15.520573361+02:00 TRACE simple_redis::domain - Error reading Os { code: 11, kind: WouldBlock, message: "Resource temporarily unavailable" }
2023-03-15T01:29:15.520613810+02:00 TRACE simple_redis::domain - Error reading Os { code: 11, kind: WouldBlock, message: "Resource temporarily unavailable" }
2023-03-15T01:29:15.520661788+02:00 TRACE simple_redis::domain - Error reading Os { code: 11, kind: WouldBlock, message: "Resource temporarily unavailable" }
2023-03-15T01:29:15.520699293+02:00 TRACE simple_redis::domain - Error reading Os { code: 11, kind: WouldBlock, message: "Resource temporarily unavailable" }
2023-03-15T01:29:15.520741212+02:00 TRACE simple_redis::domain - Error reading Os { code: 11, kind: WouldBlock, message: "Resource temporarily unavailable" }
2023-03-15T01:29:15.520777192+02:00 TRACE simple_redis::domain - Error reading Os { code: 11, kind: WouldBlock, message: "Resource temporarily unavailable" }
2023-03-15T01:29:15.520814350+02:00 TRACE simple_redis::domain - Error reading Os { code: 11, kind: WouldBlock, message: "Resource temporarily unavailable" }
2023-03-15T01:29:15.520855593+02:00 TRACE simple_redis::domain - Error reading Os { code: 11, kind: WouldBlock, message: "Resource temporarily unavailable" }
2023-03-15T01:29:15.520895240+02:00 TRACE simple_redis::domain - Error reading Os { code: 11, kind: WouldBlock, message: "Resource temporarily unavailable" }
2023-03-15T01:29:15.520933858+02:00 TRACE simple_redis::domain - Error reading Os { code: 11, kind: WouldBlock, message: "Resource temporarily unavailable" }
2023-03-15T01:29:15.520974123+02:00 TRACE simple_redis::domain - Error reading Os { code: 11, kind: WouldBlock, message: "Resource temporarily unavailable" }
2023-03-15T01:29:15.521045428+02:00 TRACE simple_redis::domain - Error reading Os { code: 11, kind: WouldBlock, message: "Resource temporarily unavailable" }
2023-03-15T01:29:15.521088700+02:00 TRACE simple_redis::domain - Error reading Os { code: 11, kind: WouldBlock, message: "Resource temporarily unavailable" }
2023-03-15T01:29:15.521127113+02:00 TRACE simple_redis::domain - Error reading Os { code: 11, kind: WouldBlock, message: "Resource temporarily unavailable" }
2023-03-15T01:29:15.521168108+02:00 TRACE simple_redis::domain - Error reading Os { code: 11, kind: WouldBlock, message: "Resource temporarily unavailable" }
2023-03-15T01:29:15.521208660+02:00 TRACE simple_redis::domain - Error reading Os { code: 11, kind: WouldBlock, message: "Resource temporarily unavailable" }
2023-03-15T01:29:15.521246531+02:00 TRACE simple_redis::domain - Error reading Os { code: 11, kind: WouldBlock, message: "Resource temporarily unavailable" }
2023-03-15T01:29:15.521286779+02:00 TRACE simple_redis::domain - Error reading Os { code: 11, kind: WouldBlock, message: "Resource temporarily unavailable" }
2023-03-15T01:29:15.521328943+02:00 TRACE simple_redis::domain - Error reading Os { code: 11, kind: WouldBlock, message: "Resource temporarily unavailable" }
2023-03-15T01:29:15.521365084+02:00 TRACE simple_redis::domain - Error reading Os { code: 11, kind: WouldBlock, message: "Resource temporarily unavailable" }
2023-03-15T01:29:15.521401896+02:00 TRACE simple_redis::domain - Error reading Os { code: 11, kind: WouldBlock, message: "Resource temporarily unavailable" }
2023-03-15T01:29:15.521438978+02:00 TRACE simple_redis::domain - Error reading Os { code: 11, kind: WouldBlock, message: "Resource temporarily unavailable" }
2023-03-15T01:29:15.521474529+02:00 TRACE simple_redis::domain - Error reading Os { code: 11, kind: WouldBlock, message: "Resource temporarily unavailable" }
2023-03-15T01:29:15.521520957+02:00 TRACE simple_redis::domain - Error reading Os { code: 11, kind: WouldBlock, message: "Resource temporarily unavailable" }
2023-03-15T01:29:15.521562676+02:00 TRACE simple_redis::domain - Error reading Os { code: 11, kind: WouldBlock, message: "Resource temporarily unavailable" }
2023-03-15T01:29:15.521604270+02:00 TRACE simple_redis::domain - Error reading Os { code: 11, kind: WouldBlock, message: "Resource temporarily unavailable" }
2023-03-15T01:29:15.521644621+02:00 TRACE simple_redis::domain - Error reading Os { code: 11, kind: WouldBlock, message: "Resource temporarily unavailable" }
2023-03-15T01:29:15.521689618+02:00 TRACE simple_redis::domain - Error reading Os { code: 11, kind: WouldBlock, message: "Resource temporarily unavailable" }
2023-03-15T01:29:15.521728231+02:00 TRACE simple_redis::domain - Error reading Os { code: 11, kind: WouldBlock, message: "Resource temporarily unavailable" }
2023-03-15T01:29:15.521767842+02:00 TRACE simple_redis::domain - Error reading Os { code: 11, kind: WouldBlock, message: "Resource temporarily unavailable" }
2023-03-15T01:29:15.521806898+02:00 TRACE simple_redis::domain - Error reading Os { code: 11, kind: WouldBlock, message: "Resource temporarily unavailable" }
2023-03-15T01:29:15.521848972+02:00 TRACE simple_redis::domain - Error reading Os { code: 11, kind: WouldBlock, message: "Resource temporarily unavailable" }
2023-03-15T01:29:15.521887040+02:00 TRACE simple_redis::domain - Error reading Os { code: 11, kind: WouldBlock, message: "Resource temporarily unavailable" }
2023-03-15T01:29:15.521923745+02:00 TRACE simple_redis::domain - Error reading Os { code: 11, kind: WouldBlock, message: "Resource temporarily unavailable" }
2023-03-15T01:29:15.521962731+02:00 TRACE simple_redis::domain - Error reading Os { code: 11, kind: WouldBlock, message: "Resource temporarily unavailable" }
2023-03-15T01:29:15.522004186+02:00 TRACE simple_redis::domain - Error reading Os { code: 11, kind: WouldBlock, message: "Resource temporarily unavailable" }
2023-03-15T01:29:15.522052768+02:00 TRACE simple_redis::domain - Error reading Os { code: 11, kind: WouldBlock, message: "Resource temporarily unavailable" }
2023-03-15T01:29:15.522090776+02:00 TRACE simple_redis::domain - Error reading Os { code: 11, kind: WouldBlock, message: "Resource temporarily unavailable" }
2023-03-15T01:29:15.522127621+02:00 TRACE simple_redis::domain - Error reading Os { code: 11, kind: WouldBlock, message: "Resource temporarily unavailable" }
2023-03-15T01:29:15.522163940+02:00 TRACE simple_redis::domain - Error reading Os { code: 11, kind: WouldBlock, message: "Resource temporarily unavailable" }
2023-03-15T01:29:15.522200943+02:00 TRACE simple_redis::domain - Error reading Os { code: 11, kind: WouldBlock, message: "Resource temporarily unavailable" }
2023-03-15T01:29:15.522237057+02:00 TRACE simple_redis::domain - Error reading Os { code: 11, kind: WouldBlock, message: "Resource temporarily unavailable" }
2023-03-15T01:29:15.522273809+02:00 TRACE simple_redis::domain - Error reading Os { code: 11, kind: WouldBlock, message: "Resource temporarily unavailable" }
2023-03-15T01:29:15.522310583+02:00 TRACE simple_redis::domain - Error reading Os { code: 11, kind: WouldBlock, message: "Resource temporarily unavailable" }
2023-03-15T01:29:15.522346223+02:00 TRACE simple_redis::domain - Error reading Os { code: 11, kind: WouldBlock, message: "Resource temporarily unavailable" }
2023-03-15T01:29:15.522383928+02:00 TRACE simple_redis::domain - Error reading Os { code: 11, kind: WouldBlock, message: "Resource temporarily unavailable" }
2023-03-15T01:29:15.522420563+02:00 TRACE simple_redis::domain - Error reading Os { code: 11, kind: WouldBlock, message: "Resource temporarily unavailable" }
2023-03-15T01:29:15.522458161+02:00 TRACE simple_redis::domain - Error reading Os { code: 11, kind: WouldBlock, message: "Resource temporarily unavailable" }
2023-03-15T01:29:15.522496180+02:00 TRACE simple_redis::domain - Error reading Os { code: 11, kind: WouldBlock, message: "Resource temporarily unavailable" }
2023-03-15T01:29:15.522532364+02:00 TRACE simple_redis::domain - Error reading Os { code: 11, kind: WouldBlock, message: "Resource temporarily unavailable" }
2023-03-15T01:29:15.522568971+02:00 TRACE simple_redis::domain - Error reading Os { code: 11, kind: WouldBlock, message: "Resource temporarily unavailable" }
2023-03-15T01:29:15.522606057+02:00 TRACE simple_redis::domain - Error reading Os { code: 11, kind: WouldBlock, message: "Resource temporarily unavailable" }
2023-03-15T01:29:15.522642155+02:00 TRACE simple_redis::domain - Error reading Os { code: 11, kind: WouldBlock, message: "Resource temporarily unavailable" }
2023-03-15T01:29:15.522688002+02:00 TRACE simple_redis::domain - Error reading Os { code: 11, kind: WouldBlock, message: "Resource temporarily unavailable" }
2023-03-15T01:29:15.522725768+02:00 TRACE simple_redis::domain - Error reading Os { code: 11, kind: WouldBlock, message: "Resource temporarily unavailable" }
2023-03-15T01:29:15.522763218+02:00 TRACE simple_redis::domain - Error reading Os { code: 11, kind: WouldBlock, message: "Resource temporarily unavailable" }
2023-03-15T01:29:15.522798905+02:00 TRACE simple_redis::domain - Error reading Os { code: 11, kind: WouldBlock, message: "Resource temporarily unavailable" }
2023-03-15T01:29:15.522834429+02:00 TRACE simple_redis::domain - Error reading Os { code: 11, kind: WouldBlock, message: "Resource temporarily unavailable" }
2023-03-15T01:29:15.522874855+02:00 TRACE simple_redis::domain - Error reading Os { code: 11, kind: WouldBlock, message: "Resource temporarily unavailable" }
2023-03-15T01:29:15.522915285+02:00 TRACE simple_redis::domain - Error reading Os { code: 11, kind: WouldBlock, message: "Resource temporarily unavailable" }
2023-03-15T01:29:15.522953163+02:00 TRACE simple_redis::domain - Error reading Os { code: 11, kind: WouldBlock, message: "Resource temporarily unavailable" }
2023-03-15T01:29:15.522989485+02:00 TRACE simple_redis::domain - Error reading Os { code: 11, kind: WouldBlock, message: "Resource temporarily unavailable" }
2023-03-15T01:29:15.523033662+02:00 TRACE simple_redis::domain - Error reading Os { code: 11, kind: WouldBlock, message: "Resource temporarily unavailable" }
2023-03-15T01:29:15.523074287+02:00 INFO simple_redis::domain - Read bytes!
2023-03-15T01:29:15.523132060+02:00 TRACE simple_redis::domain - Parsed str: +PONG

2023-03-15T01:29:15.523165902+02:00 INFO redis_simple_client - Parsed str: +PONG

2023-03-15T01:29:20.439430913+02:00 TRACE redis_simple_client - client was initialised: Client { stream: TcpStream { addr: 127.0.0.1:47022, peer: 127.0.0.1:6381, fd: 4 } }
2023-03-15T01:29:20.439599579+02:00 TRACE simple_redis::domain - About to send: PING
2023-03-15T01:29:20.439677069+02:00 TRACE simple_redis::domain - Error reading Os { code: 11, kind: WouldBlock, message: "Resource temporarily unavailable" }
2023-03-15T01:29:20.439729385+02:00 TRACE simple_redis::domain - Error reading Os { code: 11, kind: WouldBlock, message: "Resource temporarily unavailable" }
2023-03-15T01:29:20.439770841+02:00 TRACE simple_redis::domain - Error reading Os { code: 11, kind: WouldBlock, message: "Resource temporarily unavailable" }
2023-03-15T01:29:20.439808299+02:00 TRACE simple_redis::domain - Error reading Os { code: 11, kind: WouldBlock, message: "Resource temporarily unavailable" }
2023-03-15T01:29:20.439835910+02:00 TRACE simple_redis::domain - Error reading Os { code: 11, kind: WouldBlock, message: "Resource temporarily unavailable" }
2023-03-15T01:29:20.439879461+02:00 TRACE simple_redis::domain - Error reading Os { code: 11, kind: WouldBlock, message: "Resource temporarily unavailable" }
2023-03-15T01:29:20.439922732+02:00 TRACE simple_redis::domain - Error reading Os { code: 11, kind: WouldBlock, message: "Resource temporarily unavailable" }
2023-03-15T01:29:20.439964299+02:00 TRACE simple_redis::domain - Error reading Os { code: 11, kind: WouldBlock, message: "Resource temporarily unavailable" }
2023-03-15T01:29:20.440052860+02:00 TRACE simple_redis::domain - Error reading Os { code: 11, kind: WouldBlock, message: "Resource temporarily unavailable" }
2023-03-15T01:29:20.440097788+02:00 TRACE simple_redis::domain - Error reading Os { code: 11, kind: WouldBlock, message: "Resource temporarily unavailable" }
2023-03-15T01:29:20.440139542+02:00 TRACE simple_redis::domain - Error reading Os { code: 11, kind: WouldBlock, message: "Resource temporarily unavailable" }
2023-03-15T01:29:20.440179308+02:00 TRACE simple_redis::domain - Error reading Os { code: 11, kind: WouldBlock, message: "Resource temporarily unavailable" }
2023-03-15T01:29:20.440219777+02:00 TRACE simple_redis::domain - Error reading Os { code: 11, kind: WouldBlock, message: "Resource temporarily unavailable" }
2023-03-15T01:29:20.440273965+02:00 TRACE simple_redis::domain - Error reading Os { code: 11, kind: WouldBlock, message: "Resource temporarily unavailable" }
2023-03-15T01:29:20.440320474+02:00 TRACE simple_redis::domain - Error reading Os { code: 11, kind: WouldBlock, message: "Resource temporarily unavailable" }
2023-03-15T01:29:20.440361199+02:00 TRACE simple_redis::domain - Error reading Os { code: 11, kind: WouldBlock, message: "Resource temporarily unavailable" }
2023-03-15T01:29:20.440401398+02:00 TRACE simple_redis::domain - Error reading Os { code: 11, kind: WouldBlock, message: "Resource temporarily unavailable" }
2023-03-15T01:29:20.440446081+02:00 TRACE simple_redis::domain - Error reading Os { code: 11, kind: WouldBlock, message: "Resource temporarily unavailable" }
2023-03-15T01:29:20.440486894+02:00 TRACE simple_redis::domain - Error reading Os { code: 11, kind: WouldBlock, message: "Resource temporarily unavailable" }
2023-03-15T01:29:20.440527216+02:00 TRACE simple_redis::domain - Error reading Os { code: 11, kind: WouldBlock, message: "Resource temporarily unavailable" }
2023-03-15T01:29:20.440567309+02:00 TRACE simple_redis::domain - Error reading Os { code: 11, kind: WouldBlock, message: "Resource temporarily unavailable" }
2023-03-15T01:29:20.440608440+02:00 TRACE simple_redis::domain - Error reading Os { code: 11, kind: WouldBlock, message: "Resource temporarily unavailable" }
2023-03-15T01:29:20.440646759+02:00 TRACE simple_redis::domain - Error reading Os { code: 11, kind: WouldBlock, message: "Resource temporarily unavailable" }
2023-03-15T01:29:20.440687329+02:00 TRACE simple_redis::domain - Error reading Os { code: 11, kind: WouldBlock, message: "Resource temporarily unavailable" }
2023-03-15T01:29:20.440728520+02:00 TRACE simple_redis::domain - Error reading Os { code: 11, kind: WouldBlock, message: "Resource temporarily unavailable" }
2023-03-15T01:29:20.440760594+02:00 TRACE simple_redis::domain - Error reading Os { code: 11, kind: WouldBlock, message: "Resource temporarily unavailable" }
2023-03-15T01:29:20.440798548+02:00 TRACE simple_redis::domain - Error reading Os { code: 11, kind: WouldBlock, message: "Resource temporarily unavailable" }
2023-03-15T01:29:20.440831048+02:00 TRACE simple_redis::domain - Error reading Os { code: 11, kind: WouldBlock, message: "Resource temporarily unavailable" }
2023-03-15T01:29:20.440867262+02:00 TRACE simple_redis::domain - Error reading Os { code: 11, kind: WouldBlock, message: "Resource temporarily unavailable" }
2023-03-15T01:29:20.440900141+02:00 TRACE simple_redis::domain - Error reading Os { code: 11, kind: WouldBlock, message: "Resource temporarily unavailable" }
2023-03-15T01:29:20.440936632+02:00 TRACE simple_redis::domain - Error reading Os { code: 11, kind: WouldBlock, message: "Resource temporarily unavailable" }
2023-03-15T01:29:20.440969581+02:00 TRACE simple_redis::domain - Error reading Os { code: 11, kind: WouldBlock, message: "Resource temporarily unavailable" }
2023-03-15T01:29:20.441005010+02:00 TRACE simple_redis::domain - Error reading Os { code: 11, kind: WouldBlock, message: "Resource temporarily unavailable" }
2023-03-15T01:29:20.441050565+02:00 TRACE simple_redis::domain - Error reading Os { code: 11, kind: WouldBlock, message: "Resource temporarily unavailable" }
2023-03-15T01:29:20.441090248+02:00 TRACE simple_redis::domain - Error reading Os { code: 11, kind: WouldBlock, message: "Resource temporarily unavailable" }
2023-03-15T01:29:20.441136235+02:00 TRACE simple_redis::domain - Error reading Os { code: 11, kind: WouldBlock, message: "Resource temporarily unavailable" }
2023-03-15T01:29:20.441183057+02:00 TRACE simple_redis::domain - Error reading Os { code: 11, kind: WouldBlock, message: "Resource temporarily unavailable" }
2023-03-15T01:29:20.441227443+02:00 TRACE simple_redis::domain - Error reading Os { code: 11, kind: WouldBlock, message: "Resource temporarily unavailable" }
2023-03-15T01:29:20.441266016+02:00 TRACE simple_redis::domain - Error reading Os { code: 11, kind: WouldBlock, message: "Resource temporarily unavailable" }
2023-03-15T01:29:20.441315333+02:00 TRACE simple_redis::domain - Error reading Os { code: 11, kind: WouldBlock, message: "Resource temporarily unavailable" }
2023-03-15T01:29:20.441355743+02:00 TRACE simple_redis::domain - Error reading Os { code: 11, kind: WouldBlock, message: "Resource temporarily unavailable" }
2023-03-15T01:29:20.441395791+02:00 TRACE simple_redis::domain - Error reading Os { code: 11, kind: WouldBlock, message: "Resource temporarily unavailable" }
2023-03-15T01:29:20.441436248+02:00 TRACE simple_redis::domain - Error reading Os { code: 11, kind: WouldBlock, message: "Resource temporarily unavailable" }
2023-03-15T01:29:20.441476893+02:00 TRACE simple_redis::domain - Error reading Os { code: 11, kind: WouldBlock, message: "Resource temporarily unavailable" }
2023-03-15T01:29:20.441517805+02:00 TRACE simple_redis::domain - Error reading Os { code: 11, kind: WouldBlock, message: "Resource temporarily unavailable" }
2023-03-15T01:29:20.441559474+02:00 TRACE simple_redis::domain - Error reading Os { code: 11, kind: WouldBlock, message: "Resource temporarily unavailable" }
2023-03-15T01:29:20.441599524+02:00 TRACE simple_redis::domain - Error reading Os { code: 11, kind: WouldBlock, message: "Resource temporarily unavailable" }
2023-03-15T01:29:20.441644833+02:00 TRACE simple_redis::domain - Error reading Os { code: 11, kind: WouldBlock, message: "Resource temporarily unavailable" }
2023-03-15T01:29:20.441685096+02:00 TRACE simple_redis::domain - Error reading Os { code: 11, kind: WouldBlock, message: "Resource temporarily unavailable" }
2023-03-15T01:29:20.441725381+02:00 TRACE simple_redis::domain - Error reading Os { code: 11, kind: WouldBlock, message: "Resource temporarily unavailable" }
2023-03-15T01:29:20.441765046+02:00 TRACE simple_redis::domain - Error reading Os { code: 11, kind: WouldBlock, message: "Resource temporarily unavailable" }
2023-03-15T01:29:20.441805430+02:00 TRACE simple_redis::domain - Error reading Os { code: 11, kind: WouldBlock, message: "Resource temporarily unavailable" }
2023-03-15T01:29:20.441846170+02:00 TRACE simple_redis::domain - Error reading Os { code: 11, kind: WouldBlock, message: "Resource temporarily unavailable" }
2023-03-15T01:29:20.441886727+02:00 TRACE simple_redis::domain - Error reading Os { code: 11, kind: WouldBlock, message: "Resource temporarily unavailable" }
2023-03-15T01:29:20.441928568+02:00 TRACE simple_redis::domain - Error reading Os { code: 11, kind: WouldBlock, message: "Resource temporarily unavailable" }
2023-03-15T01:29:20.441967522+02:00 TRACE simple_redis::domain - Error reading Os { code: 11, kind: WouldBlock, message: "Resource temporarily unavailable" }
2023-03-15T01:29:20.442018083+02:00 TRACE simple_redis::domain - Error reading Os { code: 11, kind: WouldBlock, message: "Resource temporarily unavailable" }
2023-03-15T01:29:20.442060373+02:00 TRACE simple_redis::domain - Error reading Os { code: 11, kind: WouldBlock, message: "Resource temporarily unavailable" }
2023-03-15T01:29:20.442102174+02:00 TRACE simple_redis::domain - Error reading Os { code: 11, kind: WouldBlock, message: "Resource temporarily unavailable" }
2023-03-15T01:29:20.442145458+02:00 TRACE simple_redis::domain - Error reading Os { code: 11, kind: WouldBlock, message: "Resource temporarily unavailable" }
2023-03-15T01:29:20.442191309+02:00 TRACE simple_redis::domain - Error reading Os { code: 11, kind: WouldBlock, message: "Resource temporarily unavailable" }
2023-03-15T01:29:20.442238573+02:00 TRACE simple_redis::domain - Error reading Os { code: 11, kind: WouldBlock, message: "Resource temporarily unavailable" }
2023-03-15T01:29:20.442286964+02:00 TRACE simple_redis::domain - Error reading Os { code: 11, kind: WouldBlock, message: "Resource temporarily unavailable" }
2023-03-15T01:29:20.442333468+02:00 TRACE simple_redis::domain - Error reading Os { code: 11, kind: WouldBlock, message: "Resource temporarily unavailable" }
2023-03-15T01:29:20.442376255+02:00 TRACE simple_redis::domain - Error reading Os { code: 11, kind: WouldBlock, message: "Resource temporarily unavailable" }
2023-03-15T01:29:20.442432933+02:00 TRACE simple_redis::domain - Error reading Os { code: 11, kind: WouldBlock, message: "Resource temporarily unavailable" }
2023-03-15T01:29:20.442474698+02:00 TRACE simple_redis::domain - Error reading Os { code: 11, kind: WouldBlock, message: "Resource temporarily unavailable" }
2023-03-15T01:29:20.442517939+02:00 TRACE simple_redis::domain - Error reading Os { code: 11, kind: WouldBlock, message: "Resource temporarily unavailable" }
2023-03-15T01:29:20.442559902+02:00 TRACE simple_redis::domain - Error reading Os { code: 11, kind: WouldBlock, message: "Resource temporarily unavailable" }
2023-03-15T01:29:20.442601274+02:00 TRACE simple_redis::domain - Error reading Os { code: 11, kind: WouldBlock, message: "Resource temporarily unavailable" }
2023-03-15T01:29:20.442642843+02:00 TRACE simple_redis::domain - Error reading Os { code: 11, kind: WouldBlock, message: "Resource temporarily unavailable" }
2023-03-15T01:29:20.442685794+02:00 TRACE simple_redis::domain - Error reading Os { code: 11, kind: WouldBlock, message: "Resource temporarily unavailable" }
2023-03-15T01:29:20.442729085+02:00 TRACE simple_redis::domain - Error reading Os { code: 11, kind: WouldBlock, message: "Resource temporarily unavailable" }
2023-03-15T01:29:20.442775564+02:00 TRACE simple_redis::domain - Error reading Os { code: 11, kind: WouldBlock, message: "Resource temporarily unavailable" }
2023-03-15T01:29:20.442816900+02:00 TRACE simple_redis::domain - Error reading Os { code: 11, kind: WouldBlock, message: "Resource temporarily unavailable" }
2023-03-15T01:29:20.442857912+02:00 TRACE simple_redis::domain - Error reading Os { code: 11, kind: WouldBlock, message: "Resource temporarily unavailable" }
2023-03-15T01:29:20.442895380+02:00 TRACE simple_redis::domain - Error reading Os { code: 11, kind: WouldBlock, message: "Resource temporarily unavailable" }
2023-03-15T01:29:20.442937050+02:00 TRACE simple_redis::domain - Error reading Os { code: 11, kind: WouldBlock, message: "Resource temporarily unavailable" }
2023-03-15T01:29:20.442976297+02:00 TRACE simple_redis::domain - Error reading Os { code: 11, kind: WouldBlock, message: "Resource temporarily unavailable" }
2023-03-15T01:29:20.443058665+02:00 TRACE simple_redis::domain - Error reading Os { code: 11, kind: WouldBlock, message: "Resource temporarily unavailable" }
2023-03-15T01:29:20.443104478+02:00 TRACE simple_redis::domain - Error reading Os { code: 11, kind: WouldBlock, message: "Resource temporarily unavailable" }
2023-03-15T01:29:20.443143883+02:00 TRACE simple_redis::domain - Error reading Os { code: 11, kind: WouldBlock, message: "Resource temporarily unavailable" }
2023-03-15T01:29:20.443184404+02:00 TRACE simple_redis::domain - Error reading Os { code: 11, kind: WouldBlock, message: "Resource temporarily unavailable" }
2023-03-15T01:29:20.443225672+02:00 TRACE simple_redis::domain - Error reading Os { code: 11, kind: WouldBlock, message: "Resource temporarily unavailable" }
2023-03-15T01:29:20.443265443+02:00 TRACE simple_redis::domain - Error reading Os { code: 11, kind: WouldBlock, message: "Resource temporarily unavailable" }
2023-03-15T01:29:20.443303233+02:00 TRACE simple_redis::domain - Error reading Os { code: 11, kind: WouldBlock, message: "Resource temporarily unavailable" }
2023-03-15T01:29:20.443344121+02:00 TRACE simple_redis::domain - Error reading Os { code: 11, kind: WouldBlock, message: "Resource temporarily unavailable" }
2023-03-15T01:29:20.443384182+02:00 TRACE simple_redis::domain - Error reading Os { code: 11, kind: WouldBlock, message: "Resource temporarily unavailable" }
2023-03-15T01:29:20.443421408+02:00 TRACE simple_redis::domain - Error reading Os { code: 11, kind: WouldBlock, message: "Resource temporarily unavailable" }
2023-03-15T01:29:20.443461106+02:00 TRACE simple_redis::domain - Error reading Os { code: 11, kind: WouldBlock, message: "Resource temporarily unavailable" }
2023-03-15T01:29:20.443501241+02:00 TRACE simple_redis::domain - Error reading Os { code: 11, kind: WouldBlock, message: "Resource temporarily unavailable" }
2023-03-15T01:29:20.443550520+02:00 TRACE simple_redis::domain - Error reading Os { code: 11, kind: WouldBlock, message: "Resource temporarily unavailable" }
2023-03-15T01:29:20.443592736+02:00 TRACE simple_redis::domain - Error reading Os { code: 11, kind: WouldBlock, message: "Resource temporarily unavailable" }
2023-03-15T01:29:20.443634954+02:00 TRACE simple_redis::domain - Error reading Os { code: 11, kind: WouldBlock, message: "Resource temporarily unavailable" }
2023-03-15T01:29:20.443676014+02:00 TRACE simple_redis::domain - Error reading Os { code: 11, kind: WouldBlock, message: "Resource temporarily unavailable" }
2023-03-15T01:29:20.443715044+02:00 TRACE simple_redis::domain - Error reading Os { code: 11, kind: WouldBlock, message: "Resource temporarily unavailable" }
2023-03-15T01:29:20.443755218+02:00 TRACE simple_redis::domain - Error reading Os { code: 11, kind: WouldBlock, message: "Resource temporarily unavailable" }
2023-03-15T01:29:20.443796081+02:00 TRACE simple_redis::domain - Error reading Os { code: 11, kind: WouldBlock, message: "Resource temporarily unavailable" }
2023-03-15T01:29:20.443843744+02:00 TRACE simple_redis::domain - Error reading Os { code: 11, kind: WouldBlock, message: "Resource temporarily unavailable" }
2023-03-15T01:29:20.443883926+02:00 TRACE simple_redis::domain - Error reading Os { code: 11, kind: WouldBlock, message: "Resource temporarily unavailable" }
2023-03-15T01:29:20.443927456+02:00 TRACE simple_redis::domain - Error reading Os { code: 11, kind: WouldBlock, message: "Resource temporarily unavailable" }
2023-03-15T01:29:20.443969867+02:00 TRACE simple_redis::domain - Error reading Os { code: 11, kind: WouldBlock, message: "Resource temporarily unavailable" }
2023-03-15T01:29:20.444016140+02:00 TRACE simple_redis::domain - Error reading Os { code: 11, kind: WouldBlock, message: "Resource temporarily unavailable" }
2023-03-15T01:29:20.444056115+02:00 TRACE simple_redis::domain - Error reading Os { code: 11, kind: WouldBlock, message: "Resource temporarily unavailable" }
2023-03-15T01:29:20.444095724+02:00 TRACE simple_redis::domain - Error reading Os { code: 11, kind: WouldBlock, message: "Resource temporarily unavailable" }
2023-03-15T01:29:20.444134844+02:00 TRACE simple_redis::domain - Error reading Os { code: 11, kind: WouldBlock, message: "Resource temporarily unavailable" }
2023-03-15T01:29:20.444174444+02:00 TRACE simple_redis::domain - Error reading Os { code: 11, kind: WouldBlock, message: "Resource temporarily unavailable" }
2023-03-15T01:29:20.444219202+02:00 TRACE simple_redis::domain - Error reading Os { code: 11, kind: WouldBlock, message: "Resource temporarily unavailable" }
2023-03-15T01:29:20.444256717+02:00 TRACE simple_redis::domain - Error reading Os { code: 11, kind: WouldBlock, message: "Resource temporarily unavailable" }
2023-03-15T01:29:20.444290245+02:00 TRACE simple_redis::domain - Error reading Os { code: 11, kind: WouldBlock, message: "Resource temporarily unavailable" }
2023-03-15T01:29:20.444327521+02:00 TRACE simple_redis::domain - Error reading Os { code: 11, kind: WouldBlock, message: "Resource temporarily unavailable" }
2023-03-15T01:29:20.444359570+02:00 TRACE simple_redis::domain - Error reading Os { code: 11, kind: WouldBlock, message: "Resource temporarily unavailable" }
2023-03-15T01:29:20.444396872+02:00 TRACE simple_redis::domain - Error reading Os { code: 11, kind: WouldBlock, message: "Resource temporarily unavailable" }
2023-03-15T01:29:20.444428917+02:00 TRACE simple_redis::domain - Error reading Os { code: 11, kind: WouldBlock, message: "Resource temporarily unavailable" }
2023-03-15T01:29:20.444461700+02:00 TRACE simple_redis::domain - Error reading Os { code: 11, kind: WouldBlock, message: "Resource temporarily unavailable" }
2023-03-15T01:29:20.444494129+02:00 TRACE simple_redis::domain - Error reading Os { code: 11, kind: WouldBlock, message: "Resource temporarily unavailable" }
2023-03-15T01:29:20.444528984+02:00 TRACE simple_redis::domain - Error reading Os { code: 11, kind: WouldBlock, message: "Resource temporarily unavailable" }
2023-03-15T01:29:20.444574154+02:00 TRACE simple_redis::domain - Error reading Os { code: 11, kind: WouldBlock, message: "Resource temporarily unavailable" }
2023-03-15T01:29:20.444605928+02:00 TRACE simple_redis::domain - Error reading Os { code: 11, kind: WouldBlock, message: "Resource temporarily unavailable" }
2023-03-15T01:29:20.444642388+02:00 TRACE simple_redis::domain - Error reading Os { code: 11, kind: WouldBlock, message: "Resource temporarily unavailable" }
2023-03-15T01:29:20.444674498+02:00 TRACE simple_redis::domain - Error reading Os { code: 11, kind: WouldBlock, message: "Resource temporarily unavailable" }
2023-03-15T01:29:20.444715325+02:00 TRACE simple_redis::domain - Error reading Os { code: 11, kind: WouldBlock, message: "Resource temporarily unavailable" }
2023-03-15T01:29:20.444757260+02:00 TRACE simple_redis::domain - Error reading Os { code: 11, kind: WouldBlock, message: "Resource temporarily unavailable" }
2023-03-15T01:29:20.444787833+02:00 TRACE simple_redis::domain - Error reading Os { code: 11, kind: WouldBlock, message: "Resource temporarily unavailable" }
2023-03-15T01:29:20.444828377+02:00 TRACE simple_redis::domain - Error reading Os { code: 11, kind: WouldBlock, message: "Resource temporarily unavailable" }
2023-03-15T01:29:20.444866585+02:00 TRACE simple_redis::domain - Error reading Os { code: 11, kind: WouldBlock, message: "Resource temporarily unavailable" }
2023-03-15T01:29:20.444903537+02:00 TRACE simple_redis::domain - Error reading Os { code: 11, kind: WouldBlock, message: "Resource temporarily unavailable" }
2023-03-15T01:29:20.444940237+02:00 TRACE simple_redis::domain - Error reading Os { code: 11, kind: WouldBlock, message: "Resource temporarily unavailable" }
2023-03-15T01:29:20.444977272+02:00 TRACE simple_redis::domain - Error reading Os { code: 11, kind: WouldBlock, message: "Resource temporarily unavailable" }
2023-03-15T01:29:20.445014351+02:00 TRACE simple_redis::domain - Error reading Os { code: 11, kind: WouldBlock, message: "Resource temporarily unavailable" }
2023-03-15T01:29:20.445051820+02:00 TRACE simple_redis::domain - Error reading Os { code: 11, kind: WouldBlock, message: "Resource temporarily unavailable" }
2023-03-15T01:29:20.445085490+02:00 TRACE simple_redis::domain - Error reading Os { code: 11, kind: WouldBlock, message: "Resource temporarily unavailable" }
2023-03-15T01:29:20.445120964+02:00 TRACE simple_redis::domain - Error reading Os { code: 11, kind: WouldBlock, message: "Resource temporarily unavailable" }
2023-03-15T01:29:20.445153465+02:00 TRACE simple_redis::domain - Error reading Os { code: 11, kind: WouldBlock, message: "Resource temporarily unavailable" }
2023-03-15T01:29:20.445189910+02:00 TRACE simple_redis::domain - Error reading Os { code: 11, kind: WouldBlock, message: "Resource temporarily unavailable" }
2023-03-15T01:29:20.445222313+02:00 TRACE simple_redis::domain - Error reading Os { code: 11, kind: WouldBlock, message: "Resource temporarily unavailable" }
2023-03-15T01:29:20.445257744+02:00 TRACE simple_redis::domain - Error reading Os { code: 11, kind: WouldBlock, message: "Resource temporarily unavailable" }
2023-03-15T01:29:20.445290627+02:00 TRACE simple_redis::domain - Error reading Os { code: 11, kind: WouldBlock, message: "Resource temporarily unavailable" }
2023-03-15T01:29:20.445324811+02:00 TRACE simple_redis::domain - Error reading Os { code: 11, kind: WouldBlock, message: "Resource temporarily unavailable" }
2023-03-15T01:29:20.445361364+02:00 TRACE simple_redis::domain - Error reading Os { code: 11, kind: WouldBlock, message: "Resource temporarily unavailable" }
2023-03-15T01:29:20.445392645+02:00 TRACE simple_redis::domain - Error reading Os { code: 11, kind: WouldBlock, message: "Resource temporarily unavailable" }
2023-03-15T01:29:20.445421483+02:00 TRACE simple_redis::domain - Error reading Os { code: 11, kind: WouldBlock, message: "Resource temporarily unavailable" }
2023-03-15T01:29:20.445452586+02:00 TRACE simple_redis::domain - Error reading Os { code: 11, kind: WouldBlock, message: "Resource temporarily unavailable" }
2023-03-15T01:29:20.445498315+02:00 TRACE simple_redis::domain - Error reading Os { code: 11, kind: WouldBlock, message: "Resource temporarily unavailable" }
2023-03-15T01:29:20.445529178+02:00 TRACE simple_redis::domain - Error reading Os { code: 11, kind: WouldBlock, message: "Resource temporarily unavailable" }
2023-03-15T01:29:20.445563122+02:00 TRACE simple_redis::domain - Error reading Os { code: 11, kind: WouldBlock, message: "Resource temporarily unavailable" }
2023-03-15T01:29:20.445603982+02:00 TRACE simple_redis::domain - Error reading Os { code: 11, kind: WouldBlock, message: "Resource temporarily unavailable" }
2023-03-15T01:29:20.445650355+02:00 TRACE simple_redis::domain - Error reading Os { code: 11, kind: WouldBlock, message: "Resource temporarily unavailable" }
2023-03-15T01:29:20.445697277+02:00 TRACE simple_redis::domain - Error reading Os { code: 11, kind: WouldBlock, message: "Resource temporarily unavailable" }
2023-03-15T01:29:20.445743845+02:00 TRACE simple_redis::domain - Error reading Os { code: 11, kind: WouldBlock, message: "Resource temporarily unavailable" }
2023-03-15T01:29:20.445788115+02:00 TRACE simple_redis::domain - Error reading Os { code: 11, kind: WouldBlock, message: "Resource temporarily unavailable" }
2023-03-15T01:29:20.445829166+02:00 TRACE simple_redis::domain - Error reading Os { code: 11, kind: WouldBlock, message: "Resource temporarily unavailable" }
2023-03-15T01:29:20.445871348+02:00 TRACE simple_redis::domain - Error reading Os { code: 11, kind: WouldBlock, message: "Resource temporarily unavailable" }
2023-03-15T01:29:20.445911767+02:00 TRACE simple_redis::domain - Error reading Os { code: 11, kind: WouldBlock, message: "Resource temporarily unavailable" }
2023-03-15T01:29:20.445951696+02:00 TRACE simple_redis::domain - Error reading Os { code: 11, kind: WouldBlock, message: "Resource temporarily unavailable" }
2023-03-15T01:29:20.445988379+02:00 TRACE simple_redis::domain - Error reading Os { code: 11, kind: WouldBlock, message: "Resource temporarily unavailable" }
2023-03-15T01:29:20.446032647+02:00 TRACE simple_redis::domain - Error reading Os { code: 11, kind: WouldBlock, message: "Resource temporarily unavailable" }
2023-03-15T01:29:20.446075423+02:00 TRACE simple_redis::domain - Error reading Os { code: 11, kind: WouldBlock, message: "Resource temporarily unavailable" }
2023-03-15T01:29:20.446116894+02:00 TRACE simple_redis::domain - Error reading Os { code: 11, kind: WouldBlock, message: "Resource temporarily unavailable" }
2023-03-15T01:29:20.446157131+02:00 TRACE simple_redis::domain - Error reading Os { code: 11, kind: WouldBlock, message: "Resource temporarily unavailable" }
2023-03-15T01:29:20.446196297+02:00 TRACE simple_redis::domain - Error reading Os { code: 11, kind: WouldBlock, message: "Resource temporarily unavailable" }
2023-03-15T01:29:20.446239430+02:00 TRACE simple_redis::domain - Error reading Os { code: 11, kind: WouldBlock, message: "Resource temporarily unavailable" }
2023-03-15T01:29:20.446284199+02:00 TRACE simple_redis::domain - Error reading Os { code: 11, kind: WouldBlock, message: "Resource temporarily unavailable" }
2023-03-15T01:29:20.446325752+02:00 TRACE simple_redis::domain - Error reading Os { code: 11, kind: WouldBlock, message: "Resource temporarily unavailable" }
2023-03-15T01:29:20.446367904+02:00 TRACE simple_redis::domain - Error reading Os { code: 11, kind: WouldBlock, message: "Resource temporarily unavailable" }
2023-03-15T01:29:20.446412924+02:00 TRACE simple_redis::domain - Error reading Os { code: 11, kind: WouldBlock, message: "Resource temporarily unavailable" }
2023-03-15T01:29:20.446456072+02:00 TRACE simple_redis::domain - Error reading Os { code: 11, kind: WouldBlock, message: "Resource temporarily unavailable" }
2023-03-15T01:29:20.446492087+02:00 TRACE simple_redis::domain - Error reading Os { code: 11, kind: WouldBlock, message: "Resource temporarily unavailable" }
2023-03-15T01:29:20.446529692+02:00 TRACE simple_redis::domain - Error reading Os { code: 11, kind: WouldBlock, message: "Resource temporarily unavailable" }
2023-03-15T01:29:20.446578178+02:00 TRACE simple_redis::domain - Error reading Os { code: 11, kind: WouldBlock, message: "Resource temporarily unavailable" }
2023-03-15T01:29:20.446619352+02:00 TRACE simple_redis::domain - Error reading Os { code: 11, kind: WouldBlock, message: "Resource temporarily unavailable" }
2023-03-15T01:29:20.446662153+02:00 TRACE simple_redis::domain - Error reading Os { code: 11, kind: WouldBlock, message: "Resource temporarily unavailable" }
2023-03-15T01:29:20.446702076+02:00 TRACE simple_redis::domain - Error reading Os { code: 11, kind: WouldBlock, message: "Resource temporarily unavailable" }
2023-03-15T01:29:20.446743565+02:00 TRACE simple_redis::domain - Error reading Os { code: 11, kind: WouldBlock, message: "Resource temporarily unavailable" }
2023-03-15T01:29:20.446776012+02:00 TRACE simple_redis::domain - Error reading Os { code: 11, kind: WouldBlock, message: "Resource temporarily unavailable" }
2023-03-15T01:29:20.446819577+02:00 TRACE simple_redis::domain - Error reading Os { code: 11, kind: WouldBlock, message: "Resource temporarily unavailable" }
2023-03-15T01:29:20.446858580+02:00 TRACE simple_redis::domain - Error reading Os { code: 11, kind: WouldBlock, message: "Resource temporarily unavailable" }
2023-03-15T01:29:20.446900727+02:00 TRACE simple_redis::domain - Error reading Os { code: 11, kind: WouldBlock, message: "Resource temporarily unavailable" }
2023-03-15T01:29:20.446943306+02:00 TRACE simple_redis::domain - Error reading Os { code: 11, kind: WouldBlock, message: "Resource temporarily unavailable" }
2023-03-15T01:29:20.446984032+02:00 TRACE simple_redis::domain - Error reading Os { code: 11, kind: WouldBlock, message: "Resource temporarily unavailable" }
2023-03-15T01:29:20.447035793+02:00 TRACE simple_redis::domain - Error reading Os { code: 11, kind: WouldBlock, message: "Resource temporarily unavailable" }
2023-03-15T01:29:20.447075834+02:00 TRACE simple_redis::domain - Error reading Os { code: 11, kind: WouldBlock, message: "Resource temporarily unavailable" }
2023-03-15T01:29:20.447114566+02:00 TRACE simple_redis::domain - Error reading Os { code: 11, kind: WouldBlock, message: "Resource temporarily unavailable" }
2023-03-15T01:29:20.447155261+02:00 TRACE simple_redis::domain - Error reading Os { code: 11, kind: WouldBlock, message: "Resource temporarily unavailable" }
2023-03-15T01:29:20.447197404+02:00 TRACE simple_redis::domain - Error reading Os { code: 11, kind: WouldBlock, message: "Resource temporarily unavailable" }
2023-03-15T01:29:20.447243035+02:00 TRACE simple_redis::domain - Error reading Os { code: 11, kind: WouldBlock, message: "Resource temporarily unavailable" }
2023-03-15T01:29:20.447285484+02:00 TRACE simple_redis::domain - Error reading Os { code: 11, kind: WouldBlock, message: "Resource temporarily unavailable" }
2023-03-15T01:29:20.447328607+02:00 TRACE simple_redis::domain - Error reading Os { code: 11, kind: WouldBlock, message: "Resource temporarily unavailable" }
2023-03-15T01:29:20.447375164+02:00 TRACE simple_redis::domain - Error reading Os { code: 11, kind: WouldBlock, message: "Resource temporarily unavailable" }
2023-03-15T01:29:20.447416786+02:00 TRACE simple_redis::domain - Error reading Os { code: 11, kind: WouldBlock, message: "Resource temporarily unavailable" }
2023-03-15T01:29:20.447457434+02:00 TRACE simple_redis::domain - Error reading Os { code: 11, kind: WouldBlock, message: "Resource temporarily unavailable" }
2023-03-15T01:29:20.447498778+02:00 TRACE simple_redis::domain - Error reading Os { code: 11, kind: WouldBlock, message: "Resource temporarily unavailable" }
2023-03-15T01:29:20.447536971+02:00 TRACE simple_redis::domain - Error reading Os { code: 11, kind: WouldBlock, message: "Resource temporarily unavailable" }
2023-03-15T01:29:20.447580742+02:00 TRACE simple_redis::domain - Error reading Os { code: 11, kind: WouldBlock, message: "Resource temporarily unavailable" }
2023-03-15T01:29:20.447618715+02:00 TRACE simple_redis::domain - Error reading Os { code: 11, kind: WouldBlock, message: "Resource temporarily unavailable" }
2023-03-15T01:29:20.447669674+02:00 TRACE simple_redis::domain - Error reading Os { code: 11, kind: WouldBlock, message: "Resource temporarily unavailable" }
2023-03-15T01:29:20.447708553+02:00 TRACE simple_redis::domain - Error reading Os { code: 11, kind: WouldBlock, message: "Resource temporarily unavailable" }
2023-03-15T01:29:20.447735048+02:00 TRACE simple_redis::domain - Error reading Os { code: 11, kind: WouldBlock, message: "Resource temporarily unavailable" }
2023-03-15T01:29:20.447759635+02:00 TRACE simple_redis::domain - Error reading Os { code: 11, kind: WouldBlock, message: "Resource temporarily unavailable" }
2023-03-15T01:29:20.447791463+02:00 TRACE simple_redis::domain - Error reading Os { code: 11, kind: WouldBlock, message: "Resource temporarily unavailable" }
2023-03-15T01:29:20.447833599+02:00 TRACE simple_redis::domain - Error reading Os { code: 11, kind: WouldBlock, message: "Resource temporarily unavailable" }
2023-03-15T01:29:20.447878912+02:00 TRACE simple_redis::domain - Error reading Os { code: 11, kind: WouldBlock, message: "Resource temporarily unavailable" }
2023-03-15T01:29:20.447951337+02:00 TRACE simple_redis::domain - Error reading Os { code: 11, kind: WouldBlock, message: "Resource temporarily unavailable" }
2023-03-15T01:29:20.447991212+02:00 TRACE simple_redis::domain - Error reading Os { code: 11, kind: WouldBlock, message: "Resource temporarily unavailable" }
2023-03-15T01:29:20.448060375+02:00 TRACE simple_redis::domain - Error reading Os { code: 11, kind: WouldBlock, message: "Resource temporarily unavailable" }
2023-03-15T01:29:20.448102548+02:00 TRACE simple_redis::domain - Error reading Os { code: 11, kind: WouldBlock, message: "Resource temporarily unavailable" }
2023-03-15T01:29:20.448143672+02:00 TRACE simple_redis::domain - Error reading Os { code: 11, kind: WouldBlock, message: "Resource temporarily unavailable" }
2023-03-15T01:29:20.448197363+02:00 TRACE simple_redis::domain - Error reading Os { code: 11, kind: WouldBlock, message: "Resource temporarily unavailable" }
2023-03-15T01:29:20.448234740+02:00 TRACE simple_redis::domain - Error reading Os { code: 11, kind: WouldBlock, message: "Resource temporarily unavailable" }
2023-03-15T01:29:20.448273085+02:00 INFO simple_redis::domain - Read bytes!
2023-03-15T01:29:20.448331458+02:00 TRACE simple_redis::domain - Parsed str: +PONG

2023-03-15T01:29:20.448370639+02:00 INFO redis_simple_client - Parsed str: +PONG

