2023-03-15T01:29:13.710069471+02:00 INFO redis_simple_server - Hello from server
2023-03-15T01:29:15.515301322+02:00 TRACE redis_simple_server - Recieved client connection from stream: TcpStream { addr: 127.0.0.1:6381, peer: 127.0.0.1:38098, fd: 5 }
2023-03-15T01:29:15.515429013+02:00 TRACE redis_simple_server - Error reading Os { code: 11, kind: WouldBlock, message: "Resource temporarily unavailable" }
2023-03-15T01:29:15.516125+02:00 TRACE redis_simple_server - About to sleep for 20ns ns
2023-03-15T01:29:15.516240827+02:00 TRACE redis_simple_server - Error reading Os { code: 11, kind: WouldBlock, message: "Resource temporarily unavailable" }
2023-03-15T01:29:15.517124292+02:00 TRACE redis_simple_server - About to sleep for 42ns ns
2023-03-15T01:29:15.517242970+02:00 TRACE redis_simple_server - Error reading Os { code: 11, kind: WouldBlock, message: "Resource temporarily unavailable" }
2023-03-15T01:29:15.517934946+02:00 TRACE redis_simple_server - About to sleep for 64ns ns
2023-03-15T01:29:15.518535231+02:00 TRACE redis_simple_server - Error reading Os { code: 11, kind: WouldBlock, message: "Resource temporarily unavailable" }
2023-03-15T01:29:15.519233762+02:00 TRACE redis_simple_server - About to sleep for 86ns ns
2023-03-15T01:29:15.519349855+02:00 TRACE redis_simple_server - Error reading Os { code: 11, kind: WouldBlock, message: "Resource temporarily unavailable" }
2023-03-15T01:29:15.520036529+02:00 TRACE redis_simple_server - About to sleep for 108ns ns
2023-03-15T01:29:15.520111141+02:00 TRACE redis_simple_server - Error reading Os { code: 11, kind: WouldBlock, message: "Resource temporarily unavailable" }
2023-03-15T01:29:15.520633783+02:00 TRACE redis_simple_server - About to sleep for 130ns ns
2023-03-15T01:29:15.520705755+02:00 TRACE redis_simple_server - Error reading Os { code: 11, kind: WouldBlock, message: "Resource temporarily unavailable" }
2023-03-15T01:29:15.521316881+02:00 TRACE redis_simple_server - About to sleep for 152ns ns
2023-03-15T01:29:15.521402550+02:00 TRACE redis_simple_server - Error reading Os { code: 11, kind: WouldBlock, message: "Resource temporarily unavailable" }
2023-03-15T01:29:15.522025017+02:00 TRACE redis_simple_server - About to sleep for 174ns ns
2023-03-15T01:29:15.522108846+02:00 TRACE redis_simple_server - Error reading Os { code: 11, kind: WouldBlock, message: "Resource temporarily unavailable" }
2023-03-15T01:29:15.522641553+02:00 TRACE redis_simple_server - About to sleep for 196ns ns
2023-03-15T01:29:15.522747618+02:00 TRACE redis_simple_server - Error reading Os { code: 11, kind: WouldBlock, message: "Resource temporarily unavailable" }
2023-03-15T01:29:15.522921567+02:00 INFO redis_simple_server - Read bytes: "PING"
2023-03-15T01:29:20.439437406+02:00 TRACE redis_simple_server - Recieved client connection from stream: TcpStream { addr: 127.0.0.1:6381, peer: 127.0.0.1:47022, fd: 5 }
2023-03-15T01:29:20.439528832+02:00 TRACE redis_simple_server - Error reading Os { code: 11, kind: WouldBlock, message: "Resource temporarily unavailable" }
2023-03-15T01:29:20.440509958+02:00 TRACE redis_simple_server - About to sleep for 20ns ns
2023-03-15T01:29:20.440626030+02:00 TRACE redis_simple_server - Error reading Os { code: 11, kind: WouldBlock, message: "Resource temporarily unavailable" }
2023-03-15T01:29:20.441915553+02:00 TRACE redis_simple_server - About to sleep for 42ns ns
2023-03-15T01:29:20.442039363+02:00 TRACE redis_simple_server - Error reading Os { code: 11, kind: WouldBlock, message: "Resource temporarily unavailable" }
2023-03-15T01:29:20.443201358+02:00 TRACE redis_simple_server - About to sleep for 64ns ns
2023-03-15T01:29:20.443308389+02:00 TRACE redis_simple_server - Error reading Os { code: 11, kind: WouldBlock, message: "Resource temporarily unavailable" }
2023-03-15T01:29:20.443967561+02:00 TRACE redis_simple_server - About to sleep for 86ns ns
2023-03-15T01:29:20.444027111+02:00 TRACE redis_simple_server - Error reading Os { code: 11, kind: WouldBlock, message: "Resource temporarily unavailable" }
2023-03-15T01:29:20.444696602+02:00 TRACE redis_simple_server - About to sleep for 108ns ns
2023-03-15T01:29:20.444811047+02:00 TRACE redis_simple_server - Error reading Os { code: 11, kind: WouldBlock, message: "Resource temporarily unavailable" }
2023-03-15T01:29:20.445616199+02:00 TRACE redis_simple_server - About to sleep for 130ns ns
2023-03-15T01:29:20.445690250+02:00 TRACE redis_simple_server - Error reading Os { code: 11, kind: WouldBlock, message: "Resource temporarily unavailable" }
2023-03-15T01:29:20.446441860+02:00 TRACE redis_simple_server - About to sleep for 152ns ns
2023-03-15T01:29:20.446549555+02:00 TRACE redis_simple_server - Error reading Os { code: 11, kind: WouldBlock, message: "Resource temporarily unavailable" }
2023-03-15T01:29:20.447160382+02:00 TRACE redis_simple_server - About to sleep for 174ns ns
2023-03-15T01:29:20.447261268+02:00 TRACE redis_simple_server - Error reading Os { code: 11, kind: WouldBlock, message: "Resource temporarily unavailable" }
2023-03-15T01:29:20.447879966+02:00 TRACE redis_simple_server - About to sleep for 196ns ns
2023-03-15T01:29:20.447981295+02:00 TRACE redis_simple_server - Error reading Os { code: 11, kind: WouldBlock, message: "Resource temporarily unavailable" }
2023-03-15T01:29:20.448136473+02:00 INFO redis_simple_server - Read bytes: "PING"
