INFO - Hello from the redis client!
INFO - client was initialised: Client { stream: TcpStream { addr: 127.0.0.1:49606, peer: 127.0.0.1:6379, fd: 4 } }
INFO - bytes read: [0, 0, 0, 0, 0, 0, 0]
WARN - Error reading Os { code: 11, kind: WouldBlock, message: "Resource temporarily unavailable" }
WARN - Error reading Os { code: 11, kind: WouldBlock, message: "Resource temporarily unavailable" }
WARN - Error reading Os { code: 11, kind: WouldBlock, message: "Resource temporarily unavailable" }
INFO - Read () bytes after 3 tries!
INFO - Read () bytes after 3 tries!
INFO - Read () bytes after 3 tries!
INFO - Hello from the redis client!
INFO - client was initialised: Client { stream: TcpStream { addr: 127.0.0.1:43958, peer: 127.0.0.1:6379, fd: 4 } }
INFO - bytes read: [0, 0, 0, 0, 0, 0, 0]
WARN - Error reading Os { code: 11, kind: WouldBlock, message: "Resource temporarily unavailable" }
WARN - Error reading Os { code: 11, kind: WouldBlock, message: "Resource temporarily unavailable" }
INFO - Read () bytes after 2 tries!
WARN - Error reading Os { code: 11, kind: WouldBlock, message: "Resource temporarily unavailable" }
WARN - Error reading Os { code: 11, kind: WouldBlock, message: "Resource temporarily unavailable" }
WARN - Error reading Os { code: 11, kind: WouldBlock, message: "Resource temporarily unavailable" }
WARN - Error reading Os { code: 11, kind: WouldBlock, message: "Resource temporarily unavailable" }
WARN - Error reading Os { code: 11, kind: WouldBlock, message: "Resource temporarily unavailable" }
WARN - Error reading Os { code: 11, kind: WouldBlock, message: "Resource temporarily unavailable" }
WARN - Error reading Os { code: 11, kind: WouldBlock, message: "Resource temporarily unavailable" }
WARN - Error reading Os { code: 11, kind: WouldBlock, message: "Resource temporarily unavailable" }
WARN - Error reading Os { code: 11, kind: WouldBlock, message: "Resource temporarily unavailable" }
INFO - bytes read: [43, 80, 79, 78, 71, 13, 10]
INFO - client was initialised: Client { stream: TcpStream { addr: 127.0.0.1:59100, peer: 127.0.0.1:6379, fd: 4 } }
INFO - bytes read: [0, 0, 0, 0, 0, 0, 0]
WARN - Error reading Os { code: 11, kind: WouldBlock, message: "Resource temporarily unavailable" }
WARN - Error reading Os { code: 11, kind: WouldBlock, message: "Resource temporarily unavailable" }
WARN - Error reading Os { code: 11, kind: WouldBlock, message: "Resource temporarily unavailable" }
WARN - Error reading Os { code: 11, kind: WouldBlock, message: "Resource temporarily unavailable" }
WARN - Error reading Os { code: 11, kind: WouldBlock, message: "Resource temporarily unavailable" }
WARN - Error reading Os { code: 11, kind: WouldBlock, message: "Resource temporarily unavailable" }
WARN - Error reading Os { code: 11, kind: WouldBlock, message: "Resource temporarily unavailable" }
WARN - Error reading Os { code: 11, kind: WouldBlock, message: "Resource temporarily unavailable" }
INFO - Read () bytes after!
INFO - bytes read: [43, 80, 79, 78, 71, 13, 10]
INFO - client was initialised: Client { stream: TcpStream { addr: 127.0.0.1:52454, peer: 127.0.0.1:6379, fd: 4 } }
INFO - bytes read: [0, 0, 0, 0, 0, 0, 0]
TRACE - Error reading Os { code: 11, kind: WouldBlock, message: "Resource temporarily unavailable" }
TRACE - Error reading Os { code: 11, kind: WouldBlock, message: "Resource temporarily unavailable" }
TRACE - Error reading Os { code: 11, kind: WouldBlock, message: "Resource temporarily unavailable" }
TRACE - Error reading Os { code: 11, kind: WouldBlock, message: "Resource temporarily unavailable" }
TRACE - Error reading Os { code: 11, kind: WouldBlock, message: "Resource temporarily unavailable" }
INFO - Read () bytes!
INFO - bytes read: [43, 80, 79, 78, 71, 13, 10]
INFO - client was initialised: Client { stream: TcpStream { addr: 127.0.0.1:40414, peer: 127.0.0.1:6379, fd: 4 } }
TRACE - Error reading Os { code: 11, kind: WouldBlock, message: "Resource temporarily unavailable" }
TRACE - Error reading Os { code: 11, kind: WouldBlock, message: "Resource temporarily unavailable" }
INFO - Read () bytes!
INFO - bytes read: [43, 80, 79, 78, 71, 13, 10]
INFO - Parsed str: +PONG

INFO - client was initialised: Client { stream: TcpStream { addr: 127.0.0.1:60614, peer: 127.0.0.1:6379, fd: 4 } }
TRACE - Error reading Os { code: 11, kind: WouldBlock, message: "Resource temporarily unavailable" }
TRACE - Error reading Os { code: 11, kind: WouldBlock, message: "Resource temporarily unavailable" }
TRACE - Error reading Os { code: 11, kind: WouldBlock, message: "Resource temporarily unavailable" }
TRACE - Error reading Os { code: 11, kind: WouldBlock, message: "Resource temporarily unavailable" }
TRACE - Error reading Os { code: 11, kind: WouldBlock, message: "Resource temporarily unavailable" }
TRACE - Error reading Os { code: 11, kind: WouldBlock, message: "Resource temporarily unavailable" }
INFO - Read () bytes!
INFO - Parsed str: +PONG

INFO - Parsed str: +PONG

INFO - client was initialised: Client { stream: TcpStream { addr: 127.0.0.1:60622, peer: 127.0.0.1:6379, fd: 4 } }
TRACE - Error reading Os { code: 11, kind: WouldBlock, message: "Resource temporarily unavailable" }
TRACE - Error reading Os { code: 11, kind: WouldBlock, message: "Resource temporarily unavailable" }
TRACE - Error reading Os { code: 11, kind: WouldBlock, message: "Resource temporarily unavailable" }
TRACE - Error reading Os { code: 11, kind: WouldBlock, message: "Resource temporarily unavailable" }
TRACE - Error reading Os { code: 11, kind: WouldBlock, message: "Resource temporarily unavailable" }
TRACE - Error reading Os { code: 11, kind: WouldBlock, message: "Resource temporarily unavailable" }
TRACE - Error reading Os { code: 11, kind: WouldBlock, message: "Resource temporarily unavailable" }
INFO - Read () bytes!
INFO - Parsed str: +PONG

INFO - Parsed str: +PONG

INFO - client was initialised: Client { stream: TcpStream { addr: 127.0.0.1:52812, peer: 127.0.0.1:6379, fd: 4 } }
TRACE - Error reading Os { code: 11, kind: WouldBlock, message: "Resource temporarily unavailable" }
TRACE - Error reading Os { code: 11, kind: WouldBlock, message: "Resource temporarily unavailable" }
TRACE - Error reading Os { code: 11, kind: WouldBlock, message: "Resource temporarily unavailable" }
TRACE - Error reading Os { code: 11, kind: WouldBlock, message: "Resource temporarily unavailable" }
TRACE - Error reading Os { code: 11, kind: WouldBlock, message: "Resource temporarily unavailable" }
TRACE - Error reading Os { code: 11, kind: WouldBlock, message: "Resource temporarily unavailable" }
INFO - Read bytes!
TRACE - Parsed str: +PONG

INFO - Parsed str: +PONG

TRACE - client was initialised: Client { stream: TcpStream { addr: 127.0.0.1:52110, peer: 127.0.0.1:6379, fd: 4 } }
TRACE - Error reading Os { code: 11, kind: WouldBlock, message: "Resource temporarily unavailable" }
TRACE - Error reading Os { code: 11, kind: WouldBlock, message: "Resource temporarily unavailable" }
TRACE - Error reading Os { code: 11, kind: WouldBlock, message: "Resource temporarily unavailable" }
TRACE - Error reading Os { code: 11, kind: WouldBlock, message: "Resource temporarily unavailable" }
TRACE - Error reading Os { code: 11, kind: WouldBlock, message: "Resource temporarily unavailable" }
TRACE - Error reading Os { code: 11, kind: WouldBlock, message: "Resource temporarily unavailable" }
INFO - Read bytes!
TRACE - Parsed str: +PONG

INFO - Parsed str: +PONG

TRACE - client was initialised: Client { stream: TcpStream { addr: 127.0.0.1:47210, peer: 127.0.0.1:6379, fd: 4 } }
TRACE - Error reading Os { code: 11, kind: WouldBlock, message: "Resource temporarily unavailable" }
TRACE - Error reading Os { code: 11, kind: WouldBlock, message: "Resource temporarily unavailable" }
TRACE - Error reading Os { code: 11, kind: WouldBlock, message: "Resource temporarily unavailable" }
TRACE - Error reading Os { code: 11, kind: WouldBlock, message: "Resource temporarily unavailable" }
TRACE - Error reading Os { code: 11, kind: WouldBlock, message: "Resource temporarily unavailable" }
TRACE - Error reading Os { code: 11, kind: WouldBlock, message: "Resource temporarily unavailable" }
TRACE - Error reading Os { code: 11, kind: WouldBlock, message: "Resource temporarily unavailable" }
TRACE - Error reading Os { code: 11, kind: WouldBlock, message: "Resource temporarily unavailable" }
TRACE - Error reading Os { code: 11, kind: WouldBlock, message: "Resource temporarily unavailable" }
TRACE - Error reading Os { code: 11, kind: WouldBlock, message: "Resource temporarily unavailable" }
TRACE - Error reading Os { code: 11, kind: WouldBlock, message: "Resource temporarily unavailable" }
TRACE - Error reading Os { code: 11, kind: WouldBlock, message: "Resource temporarily unavailable" }
TRACE - Error reading Os { code: 11, kind: WouldBlock, message: "Resource temporarily unavailable" }
INFO - Read bytes!
TRACE - Parsed str: +PONG

INFO - Parsed str: +PONG

TRACE - client was initialised: Client { stream: TcpStream { addr: 127.0.0.1:59604, peer: 127.0.0.1:6379, fd: 4 } }
TRACE - About to send PING
TRACE - Error reading Os { code: 11, kind: WouldBlock, message: "Resource temporarily unavailable" }
TRACE - Error reading Os { code: 11, kind: WouldBlock, message: "Resource temporarily unavailable" }
TRACE - Error reading Os { code: 11, kind: WouldBlock, message: "Resource temporarily unavailable" }
TRACE - Error reading Os { code: 11, kind: WouldBlock, message: "Resource temporarily unavailable" }
TRACE - Error reading Os { code: 11, kind: WouldBlock, message: "Resource temporarily unavailable" }
TRACE - Error reading Os { code: 11, kind: WouldBlock, message: "Resource temporarily unavailable" }
TRACE - Error reading Os { code: 11, kind: WouldBlock, message: "Resource temporarily unavailable" }
TRACE - Error reading Os { code: 11, kind: WouldBlock, message: "Resource temporarily unavailable" }
TRACE - Error reading Os { code: 11, kind: WouldBlock, message: "Resource temporarily unavailable" }
TRACE - Error reading Os { code: 11, kind: WouldBlock, message: "Resource temporarily unavailable" }
TRACE - Error reading Os { code: 11, kind: WouldBlock, message: "Resource temporarily unavailable" }
TRACE - Error reading Os { code: 11, kind: WouldBlock, message: "Resource temporarily unavailable" }
TRACE - Error reading Os { code: 11, kind: WouldBlock, message: "Resource temporarily unavailable" }
TRACE - Error reading Os { code: 11, kind: WouldBlock, message: "Resource temporarily unavailable" }
TRACE - Error reading Os { code: 11, kind: WouldBlock, message: "Resource temporarily unavailable" }
TRACE - Error reading Os { code: 11, kind: WouldBlock, message: "Resource temporarily unavailable" }
INFO - Read bytes!
TRACE - Parsed str: +PONG

INFO - Parsed str: +PONG

TRACE - client was initialised: Client { stream: TcpStream { addr: 127.0.0.1:39020, peer: 127.0.0.1:6379, fd: 4 } }
TRACE - About to send PING
TRACE - Error reading Os { code: 11, kind: WouldBlock, message: "Resource temporarily unavailable" }
TRACE - Error reading Os { code: 11, kind: WouldBlock, message: "Resource temporarily unavailable" }
TRACE - Error reading Os { code: 11, kind: WouldBlock, message: "Resource temporarily unavailable" }
TRACE - Error reading Os { code: 11, kind: WouldBlock, message: "Resource temporarily unavailable" }
TRACE - Error reading Os { code: 11, kind: WouldBlock, message: "Resource temporarily unavailable" }
TRACE - Error reading Os { code: 11, kind: WouldBlock, message: "Resource temporarily unavailable" }
TRACE - Error reading Os { code: 11, kind: WouldBlock, message: "Resource temporarily unavailable" }
TRACE - Error reading Os { code: 11, kind: WouldBlock, message: "Resource temporarily unavailable" }
TRACE - Error reading Os { code: 11, kind: WouldBlock, message: "Resource temporarily unavailable" }
TRACE - Error reading Os { code: 11, kind: WouldBlock, message: "Resource temporarily unavailable" }
TRACE - Error reading Os { code: 11, kind: WouldBlock, message: "Resource temporarily unavailable" }
TRACE - Error reading Os { code: 11, kind: WouldBlock, message: "Resource temporarily unavailable" }
INFO - Read bytes!
TRACE - Parsed str: +PONG

INFO - Parsed str: +PONG

